[    0.000000] Linux version 4.15.0-112-generic (buildd@lcy01-amd64-027) (gcc version 7.5.0 (Ubuntu 7.5.0-3ubuntu1~18.04)) #113-Ubuntu SMP Thu Jul 9 23:41:39 UTC 2020 (Ubuntu 4.15.0-112.113-generic 4.15.18)
[    0.000000] Command line: BOOT_IMAGE=/boot/vmlinuz-4.15.0-112-generic root=LABEL=cloudimg-rootfs ro console=tty1 console=ttyS0
[    0.000000] KERNEL supported cpus:
[    0.000000]   Intel GenuineIntel
[    0.000000]   AMD AuthenticAMD
[    0.000000]   Centaur CentaurHauls
[    0.000000] [Firmware Bug]: TSC doesn't count with P0 frequency!
[    0.000000] x86/fpu: Supporting XSAVE feature 0x001: 'x87 floating point registers'
[    0.000000] x86/fpu: Supporting XSAVE feature 0x002: 'SSE registers'
[    0.000000] x86/fpu: Supporting XSAVE feature 0x004: 'AVX registers'
[    0.000000] x86/fpu: xstate_offset[2]:  576, xstate_sizes[2]:  256
[    0.000000] x86/fpu: Enabled xstate features 0x7, context size is 832 bytes, using 'standard' format.
[    0.000000] e820: BIOS-provided physical RAM map:
[    0.000000] BIOS-e820: [mem 0x0000000000000000-0x000000000009fbff] usable
[    0.000000] BIOS-e820: [mem 0x000000000009fc00-0x000000000009ffff] reserved
[    0.000000] BIOS-e820: [mem 0x00000000000f0000-0x00000000000fffff] reserved
[    0.000000] BIOS-e820: [mem 0x0000000000100000-0x000000001ffeffff] usable
[    0.000000] BIOS-e820: [mem 0x000000001fff0000-0x000000001fffffff] ACPI data
[    0.000000] BIOS-e820: [mem 0x00000000fec00000-0x00000000fec00fff] reserved
[    0.000000] BIOS-e820: [mem 0x00000000fee00000-0x00000000fee00fff] reserved
[    0.000000] BIOS-e820: [mem 0x00000000fffc0000-0x00000000ffffffff] reserved
[    0.000000] NX (Execute Disable) protection: active
[    0.000000] SMBIOS 2.5 present.
[    0.000000] DMI: innotek GmbH VirtualBox/VirtualBox, BIOS VirtualBox 12/01/2006
[    0.000000] Hypervisor detected: KVM
[    0.000000] e820: last_pfn = 0x1fff0 max_arch_pfn = 0x400000000
[    0.000000] MTRR: Disabled
[    0.000000] x86/PAT: MTRRs disabled, skipping PAT initialization too.
[    0.000000] CPU MTRRs all blank - virtualized system.
[    0.000000] x86/PAT: Configuration [0-7]: WB  WT  UC- UC  WB  WT  UC- UC  
[    0.000000] found SMP MP-table at [mem 0x0009fff0-0x0009ffff]
[    0.000000] Scanning 1 areas for low memory corruption
[    0.000000] RAMDISK: [mem 0x1db61000-0x1ee22fff]
[    0.000000] ACPI: Early table checksum verification disabled
[    0.000000] ACPI: RSDP 0x00000000000E0000 000024 (v02 VBOX  )
[    0.000000] ACPI: XSDT 0x000000001FFF0030 00003C (v01 VBOX   VBOXXSDT 00000001 ASL  00000061)
[    0.000000] ACPI: FACP 0x000000001FFF00F0 0000F4 (v04 VBOX   VBOXFACP 00000001 ASL  00000061)
[    0.000000] ACPI: DSDT 0x000000001FFF0470 002325 (v02 VBOX   VBOXBIOS 00000002 INTL 20100528)
[    0.000000] ACPI: FACS 0x000000001FFF0200 000040
[    0.000000] ACPI: FACS 0x000000001FFF0200 000040
[    0.000000] ACPI: APIC 0x000000001FFF0240 000054 (v02 VBOX   VBOXAPIC 00000001 ASL  00000061)
[    0.000000] ACPI: SSDT 0x000000001FFF02A0 0001CC (v01 VBOX   VBOXCPUT 00000002 INTL 20100528)
[    0.000000] No NUMA configuration found
[    0.000000] Faking a node at [mem 0x0000000000000000-0x000000001ffeffff]
[    0.000000] NODE_DATA(0) allocated [mem 0x1ffc5000-0x1ffeffff]
[    0.000000] kvm-clock: cpu 0, msr 0:1ff44001, primary cpu clock
[    0.000000] kvm-clock: Using msrs 4b564d01 and 4b564d00
[    0.000000] kvm-clock: using sched offset of 3612431010 cycles
[    0.000000] clocksource: kvm-clock: mask: 0xffffffffffffffff max_cycles: 0x1cd42e4dffb, max_idle_ns: 881590591483 ns
[    0.000000] Zone ranges:
[    0.000000]   DMA      [mem 0x0000000000001000-0x0000000000ffffff]
[    0.000000]   DMA32    [mem 0x0000000001000000-0x000000001ffeffff]
[    0.000000]   Normal   empty
[    0.000000]   Device   empty
[    0.000000] Movable zone start for each node
[    0.000000] Early memory node ranges
[    0.000000]   node   0: [mem 0x0000000000001000-0x000000000009efff]
[    0.000000]   node   0: [mem 0x0000000000100000-0x000000001ffeffff]
[    0.000000] Reserved but unavailable: 98 pages
[    0.000000] Initmem setup node 0 [mem 0x0000000000001000-0x000000001ffeffff]
[    0.000000] ACPI: PM-Timer IO Port: 0x4008
[    0.000000] IOAPIC[0]: apic_id 1, version 32, address 0xfec00000, GSI 0-23
[    0.000000] ACPI: INT_SRC_OVR (bus 0 bus_irq 0 global_irq 2 dfl dfl)
[    0.000000] ACPI: INT_SRC_OVR (bus 0 bus_irq 9 global_irq 9 low level)
[    0.000000] Using ACPI (MADT) for SMP configuration information
[    0.000000] smpboot: Allowing 1 CPUs, 0 hotplug CPUs
[    0.000000] PM: Registered nosave memory: [mem 0x00000000-0x00000fff]
[    0.000000] PM: Registered nosave memory: [mem 0x0009f000-0x0009ffff]
[    0.000000] PM: Registered nosave memory: [mem 0x000a0000-0x000effff]
[    0.000000] PM: Registered nosave memory: [mem 0x000f0000-0x000fffff]
[    0.000000] e820: [mem 0x20000000-0xfebfffff] available for PCI devices
[    0.000000] Booting paravirtualized kernel on KVM
[    0.000000] clocksource: refined-jiffies: mask: 0xffffffff max_cycles: 0xffffffff, max_idle_ns: 7645519600211568 ns
[    0.000000] random: get_random_bytes called from start_kernel+0x99/0x500 with crng_init=0
[    0.000000] setup_percpu: NR_CPUS:8192 nr_cpumask_bits:1 nr_cpu_ids:1 nr_node_ids:1
[    0.000000] percpu: Embedded 45 pages/cpu s147456 r8192 d28672 u2097152
[    0.000000] PV qspinlock hash table entries: 256 (order: 0, 4096 bytes)
[    0.000000] Built 1 zonelists, mobility grouping on.  Total pages: 128889
[    0.000000] Policy zone: DMA32
[    0.000000] Kernel command line: BOOT_IMAGE=/boot/vmlinuz-4.15.0-112-generic root=LABEL=cloudimg-rootfs ro console=tty1 console=ttyS0
[    0.000000] Memory: 467128K/523832K available (12300K kernel code, 2481K rwdata, 4272K rodata, 2436K init, 2720K bss, 56704K reserved, 0K cma-reserved)
[    0.000000] SLUB: HWalign=64, Order=0-3, MinObjects=0, CPUs=1, Nodes=1
[    0.000000] ftrace: allocating 39378 entries in 154 pages
[    0.004000] Hierarchical RCU implementation.
[    0.004000] 	RCU restricting CPUs from NR_CPUS=8192 to nr_cpu_ids=1.
[    0.004000] 	Tasks RCU enabled.
[    0.004000] RCU: Adjusting geometry for rcu_fanout_leaf=16, nr_cpu_ids=1
[    0.004000] NR_IRQS: 524544, nr_irqs: 256, preallocated irqs: 16
[    0.004000] Console: colour VGA+ 80x25
[    0.004000] console [tty1] enabled
[    0.004000] console [ttyS0] enabled
[    0.004000] ACPI: Core revision 20170831
[    0.004000] ACPI: 2 ACPI AML tables successfully acquired and loaded
[    0.004000] APIC: Switch to symmetric I/O mode setup
[    0.004000] x2apic enabled
[    0.004000] Switched APIC routing to physical x2apic.
[    0.004000] ..TIMER: vector=0x30 apic1=0 pin1=2 apic2=-1 pin2=-1
[    0.004000] tsc: Detected 2295.688 MHz processor
[    0.004000] Calibrating delay loop (skipped) preset value.. 4591.37 BogoMIPS (lpj=9182752)
[    0.004005] pid_max: default: 32768 minimum: 301
[    0.004561] Security Framework initialized
[    0.005024] Yama: becoming mindful.
[    0.005456] AppArmor: AppArmor initialized
[    0.005987] Dentry cache hash table entries: 65536 (order: 7, 524288 bytes)
[    0.006756] Inode-cache hash table entries: 32768 (order: 6, 262144 bytes)
[    0.008007] Mount-cache hash table entries: 1024 (order: 1, 8192 bytes)
[    0.008770] Mountpoint-cache hash table entries: 1024 (order: 1, 8192 bytes)
[    0.009762] CPU0: Hyper-Threading is disabled
[    0.010305] Last level iTLB entries: 4KB 1024, 2MB 1024, 4MB 512
[    0.010964] Last level dTLB entries: 4KB 1536, 2MB 1536, 4MB 768, 1GB 0
[    0.011680] Spectre V1 : Mitigation: usercopy/swapgs barriers and __user pointer sanitization
[    0.012006] Spectre V2 : Spectre mitigation: LFENCE not serializing, switching to generic retpoline
[    0.012989] Spectre V2 : Mitigation: Full generic retpoline
[    0.013604] Spectre V2 : Spectre v2 / SpectreRSB mitigation: Filling RSB on context switch
[    0.014502] Speculative Store Bypass: Mitigation: Speculative Store Bypass disabled via prctl and seccomp
[    0.020419] Freeing SMP alternatives memory: 36K
[    0.131016] smpboot: CPU0: AMD Ryzen 7 3750H with Radeon Vega Mobile Gfx (family: 0x17, model: 0x18, stepping: 0x1)
[    0.132000] Performance Events: PMU not available due to virtualization, using software events only.
[    0.132000] Hierarchical SRCU implementation.
[    0.132000] NMI watchdog: Perf event create on CPU 0 failed with -2
[    0.132002] NMI watchdog: Perf NMI watchdog permanently disabled
[    0.132692] smp: Bringing up secondary CPUs ...
[    0.133214] smp: Brought up 1 node, 1 CPU
[    0.133683] smpboot: Max logical packages: 1
[    0.134192] smpboot: Total of 1 processors activated (4591.37 BogoMIPS)
[    0.135026] devtmpfs: initialized
[    0.135475] x86/mm: Memory block size: 128MB
[    0.136097] evm: security.selinux
[    0.136490] evm: security.SMACK64
[    0.136885] evm: security.SMACK64EXEC
[    0.137306] evm: security.SMACK64TRANSMUTE
[    0.137791] evm: security.SMACK64MMAP
[    0.138221] evm: security.apparmor
[    0.138620] evm: security.ima
[    0.138981] evm: security.capability
[    0.139516] clocksource: jiffies: mask: 0xffffffff max_cycles: 0xffffffff, max_idle_ns: 7645041785100000 ns
[    0.140009] futex hash table entries: 256 (order: 2, 16384 bytes)
[    0.140716] pinctrl core: initialized pinctrl subsystem
[    0.141386] RTC time:  6:01:55, date: 08/11/20
[    0.141987] NET: Registered protocol family 16
[    0.142542] audit: initializing netlink subsys (disabled)
[    0.143245] cpuidle: using governor ladder
[    0.144006] cpuidle: using governor menu
[    0.144655] audit: type=2000 audit(1597125720.563:1): state=initialized audit_enabled=0 res=1
[    0.145703] ACPI: bus type PCI registered
[    0.146183] acpiphp: ACPI Hot Plug PCI Controller Driver version: 0.5
[    0.147002] PCI: Using configuration type 1 for base access
[    0.147645] PCI: Using configuration type 1 for extended access
[    0.148822] HugeTLB registered 2.00 MiB page size, pre-allocated 0 pages
[    0.149734] ACPI: Added _OSI(Module Device)
[    0.150243] ACPI: Added _OSI(Processor Device)
[    0.150763] ACPI: Added _OSI(3.0 _SCP Extensions)
[    0.151303] ACPI: Added _OSI(Processor Aggregator Device)
[    0.152019] ACPI: Added _OSI(Linux-Dell-Video)
[    0.152521] ACPI: Added _OSI(Linux-Lenovo-NV-HDMI-Audio)
[    0.153115] ACPI: Added _OSI(Linux-HPI-Hybrid-Graphics)
[    0.153915] ACPI: Executed 1 blocks of module-level executable AML code
[    0.157502] ACPI: Interpreter enabled
[    0.157988] ACPI: (supports S0 S5)
[    0.158399] ACPI: Using IOAPIC for interrupt routing
[    0.159153] PCI: Using host bridge windows from ACPI; if necessary, use "pci=nocrs" and report a bug
[    0.160000] ACPI: Enabled 2 GPEs in block 00 to 07
[    0.165742] ACPI: PCI Root Bridge [PCI0] (domain 0000 [bus 00-ff])
[    0.166476] acpi PNP0A03:00: _OSC: OS supports [ExtendedConfig ASPM ClockPM Segments MSI]
[    0.168000] acpi PNP0A03:00: _OSC: platform does not support [PCIeCapability]
[    0.168378] acpi PNP0A03:00: _OSC: not requesting control; platform does not support [PCIeCapability]
[    0.169391] acpi PNP0A03:00: _OSC: OS requested [PCIeHotplug PME AER PCIeCapability]
[    0.170271] acpi PNP0A03:00: _OSC: platform willing to grant [PCIeHotplug PME AER]
[    0.171154] acpi PNP0A03:00: _OSC failed (AE_SUPPORT); disabling ASPM
[    0.172344] PCI host bridge to bus 0000:00
[    0.172831] pci_bus 0000:00: root bus resource [io  0x0000-0x0cf7 window]
[    0.173558] pci_bus 0000:00: root bus resource [io  0x0d00-0xffff window]
[    0.174284] pci_bus 0000:00: root bus resource [mem 0x000a0000-0x000bffff window]
[    0.175449] pci_bus 0000:00: root bus resource [mem 0x20000000-0xfdffffff window]
[    0.176007] pci_bus 0000:00: root bus resource [bus 00-ff]
[    0.178149] pci 0000:00:01.1: legacy IDE quirk: reg 0x10: [io  0x01f0-0x01f7]
[    0.178920] pci 0000:00:01.1: legacy IDE quirk: reg 0x14: [io  0x03f6]
[    0.180005] pci 0000:00:01.1: legacy IDE quirk: reg 0x18: [io  0x0170-0x0177]
[    0.180770] pci 0000:00:01.1: legacy IDE quirk: reg 0x1c: [io  0x0376]
[    0.187017] pci 0000:00:07.0: quirk: [io  0x4000-0x403f] claimed by PIIX4 ACPI
[    0.187901] pci 0000:00:07.0: quirk: [io  0x4100-0x410f] claimed by PIIX4 SMB
[    0.192019] ACPI: PCI Interrupt Link [LNKA] (IRQs 5 9 10 *11)
[    0.192924] ACPI: PCI Interrupt Link [LNKB] (IRQs 5 9 *10 11)
[    0.193659] ACPI: PCI Interrupt Link [LNKC] (IRQs 5 *9 10 11)
[    0.194378] ACPI: PCI Interrupt Link [LNKD] (IRQs 5 9 10 *11)
[    0.195293] SCSI subsystem initialized
[    0.196098] pci 0000:00:02.0: vgaarb: setting as boot VGA device
[    0.196790] pci 0000:00:02.0: vgaarb: VGA device added: decodes=io+mem,owns=io+mem,locks=none
[    0.197727] pci 0000:00:02.0: vgaarb: bridge control possible
[    0.198361] vgaarb: loaded
[    0.198723] ACPI: bus type USB registered
[    0.199200] usbcore: registered new interface driver usbfs
[    0.200020] usbcore: registered new interface driver hub
[    0.200631] usbcore: registered new device driver usb
[    0.201277] EDAC MC: Ver: 3.0.0
[    0.202077] PCI: Using ACPI for IRQ routing
[    0.202992] NetLabel: Initializing
[    0.203507] NetLabel:  domain hash size = 128
[    0.204006] NetLabel:  protocols = UNLABELED CIPSOv4 CALIPSO
[    0.204815] NetLabel:  unlabeled traffic allowed by default
[    0.205598] clocksource: Switched to clocksource kvm-clock
[    0.233807] VFS: Disk quotas dquot_6.6.0
[    0.234422] VFS: Dquot-cache hash table entries: 512 (order 0, 4096 bytes)
[    0.235364] AppArmor: AppArmor Filesystem Enabled
[    0.235990] pnp: PnP ACPI init
[    0.237344] pnp: PnP ACPI: found 3 devices
[    0.243186] clocksource: acpi_pm: mask: 0xffffff max_cycles: 0xffffff, max_idle_ns: 2085701024 ns
[    0.244539] NET: Registered protocol family 2
[    0.245424] TCP established hash table entries: 4096 (order: 3, 32768 bytes)
[    0.246495] TCP bind hash table entries: 4096 (order: 4, 65536 bytes)
[    0.247448] TCP: Hash tables configured (established 4096 bind 4096)
[    0.248485] UDP hash table entries: 256 (order: 1, 8192 bytes)
[    0.249381] UDP-Lite hash table entries: 256 (order: 1, 8192 bytes)
[    0.250394] NET: Registered protocol family 1
[    0.251074] pci 0000:00:00.0: Limiting direct PCI/PCI transfers
[    0.251975] pci 0000:00:01.0: Activating ISA DMA hang workarounds
[    0.253012] pci 0000:00:02.0: Video device with shadowed ROM at [mem 0x000c0000-0x000dffff]
[    0.254420] Unpacking initramfs...
[    0.605690] Freeing initrd memory: 19208K
[    0.606337] clocksource: tsc: mask: 0xffffffffffffffff max_cycles: 0x21174bd42fa, max_idle_ns: 440795291265 ns
[    0.607509] platform rtc_cmos: registered platform RTC device (no PNP device found)
[    0.608681] Scanning for low memory corruption every 60 seconds
[    0.609745] Initialise system trusted keyrings
[    0.610269] Key type blacklist registered
[    0.610791] workingset: timestamp_bits=36 max_order=17 bucket_order=0
[    0.612185] zbud: loaded
[    0.612901] squashfs: version 4.0 (2009/01/31) Phillip Lougher
[    0.613665] fuse init (API version 7.26)
[    0.614721] Key type asymmetric registered
[    0.615203] Asymmetric key parser 'x509' registered
[    0.615781] Block layer SCSI generic (bsg) driver version 0.4 loaded (major 246)
[    0.616718] io scheduler noop registered
[    0.617183] io scheduler deadline registered
[    0.617696] io scheduler cfq registered (default)
[    0.618449] ACPI: AC Adapter [AC] (on-line)
[    0.618961] input: Power Button as /devices/LNXSYSTM:00/LNXPWRBN:00/input/input0
[    0.619849] ACPI: Power Button [PWRF]
[    0.620373] input: Sleep Button as /devices/LNXSYSTM:00/LNXSLPBN:00/input/input1
[    0.621239] ACPI: Sleep Button [SLPF]
[    0.622322] ACPI: Battery Slot [BAT0] (battery present)
[    0.623021] Serial: 8250/16550 driver, 32 ports, IRQ sharing enabled
[    0.644685] 00:02: ttyS0 at I/O 0x3f8 (irq = 4, base_baud = 115200) is a 16550A
[    0.653047] Linux agpgart interface v0.103
[    0.654707] loop: module loaded
[    0.655778] scsi host0: ata_piix
[    0.656372] scsi host1: ata_piix
[    0.656912] ata1: PATA max UDMA/33 cmd 0x1f0 ctl 0x3f6 bmdma 0xd000 irq 14
[    0.657864] ata2: PATA max UDMA/33 cmd 0x170 ctl 0x376 bmdma 0xd008 irq 15
[    0.659353] libphy: Fixed MDIO Bus: probed
[    0.659939] tun: Universal TUN/TAP device driver, 1.6
[    0.660729] PPP generic driver version 2.4.2
[    0.661398] ehci_hcd: USB 2.0 'Enhanced' Host Controller (EHCI) Driver
[    0.662373] ehci-pci: EHCI PCI platform driver
[    0.663025] ehci-platform: EHCI generic platform driver
[    0.663773] ohci_hcd: USB 1.1 'Open' Host Controller (OHCI) Driver
[    0.664651] ohci-pci: OHCI PCI platform driver
[    0.665300] ohci-platform: OHCI generic platform driver
[    0.666020] uhci_hcd: USB Universal Host Controller Interface driver
[    0.666927] i8042: PNP: PS/2 Controller [PNP0303:PS2K,PNP0f03:PS2M] at 0x60,0x64 irq 1,12
[    0.668545] serio: i8042 KBD port at 0x60,0x64 irq 1
[    0.669290] serio: i8042 AUX port at 0x60,0x64 irq 12
[    0.670137] mousedev: PS/2 mouse device common for all mice
[    0.671163] input: AT Translated Set 2 keyboard as /devices/platform/i8042/serio0/input/input2
[    0.672727] rtc_cmos rtc_cmos: rtc core: registered rtc_cmos as rtc0
[    0.673699] rtc_cmos rtc_cmos: alarms up to one day, 114 bytes nvram
[    0.674743] i2c /dev entries driver
[    0.675315] device-mapper: uevent: version 1.0.3
[    0.676047] device-mapper: ioctl: 4.37.0-ioctl (2017-09-20) initialised: dm-devel@redhat.com
[    0.677358] ledtrig-cpu: registered to indicate activity on CPUs
[    0.678623] NET: Registered protocol family 10
[    0.681726] Segment Routing with IPv6
[    0.682401] NET: Registered protocol family 17
[    0.683174] Key type dns_resolver registered
[    0.683982] mce: Using 0 MCE banks
[    0.684588] RAS: Correctable Errors collector initialized.
[    0.685447] sched_clock: Marking stable (684563902, 0)->(787709558, -103145656)
[    0.686781] registered taskstats version 1
[    0.687435] Loading compiled-in X.509 certificates
[    0.690137] Loaded X.509 cert 'Build time autogenerated kernel key: 1d4b83cbc5f7a3cd7e4471a5cf69d65d9314bdf5'
[    0.691701] zswap: loaded using pool lzo/zbud
[    0.694537] Key type big_key registered
[    0.695160] Key type trusted registered
[    0.696791] Key type encrypted registered
[    0.697396] AppArmor: AppArmor sha1 policy hashing enabled
[    0.698168] ima: No TPM chip found, activating TPM-bypass! (rc=-19)
[    0.699048] ima: Allocated hash algorithm: sha1
[    0.699717] evm: HMAC attrs: 0x1
[    0.700517]   Magic number: 0:434:13
[    0.701118] rtc_cmos rtc_cmos: setting system clock to 2020-08-11 06:01:56 UTC (1597125716)
[    0.702308] BIOS EDD facility v0.16 2004-Jun-25, 0 devices found
[    0.703124] EDD information not available.
[    0.840892] Freeing unused kernel image memory: 2436K
[    0.848458] Write protecting the kernel read-only data: 20480k
[    0.849565] Freeing unused kernel image memory: 2008K
[    0.850462] Freeing unused kernel image memory: 1872K
[    0.857147] x86/mm: Checked W+X mappings: passed, no W+X pages found.
Loading, please wait...
starting version 237
[    0.930629] e1000: Intel(R) PRO/1000 Network Driver - version 7.3.21-k8-NAPI
[    0.931463] e1000: Copyright (c) 1999-2006 Intel Corporation.
[    0.938444] Fusion MPT base driver 3.04.20
[    0.938975] Copyright (c) 1999-2008 LSI Corporation
[    0.957799] AVX2 version of gcm_enc/dec engaged.
[    0.958436] AES CTR mode by8 optimization enabled
[    0.959716] Fusion MPT SPI Host driver 3.04.20
[    1.147155] input: ImExPS/2 Generic Explorer Mouse as /devices/platform/i8042/serio1/input/input4
[    1.321142] e1000 0000:00:03.0 eth0: (PCI:33MHz:32-bit) 02:b5:22:41:d5:db
[    1.325949] e1000 0000:00:03.0 eth0: Intel(R) PRO/1000 Network Connection
[    1.327441] mptbase: ioc0: Initiating bringup
[    1.420317] ioc0: LSI53C1030 A0: Capabilities={Initiator}
[    1.662154] scsi host2: ioc0: LSI53C1030 A0, FwRev=00000000h, Ports=1, MaxQ=256, IRQ=20
[    1.832978] scsi 2:0:0:0: Direct-Access     VBOX     HARDDISK         1.0  PQ: 0 ANSI: 5
[    1.834211] scsi target2:0:0: Beginning Domain Validation
[    1.836643] scsi target2:0:0: Domain Validation skipping write tests
[    1.837591] scsi target2:0:0: Ending Domain Validation
[    1.838639] scsi target2:0:0: asynchronous
[    1.839346] random: fast init done
[    1.840025] scsi 2:0:1:0: Direct-Access     VBOX     HARDDISK         1.0  PQ: 0 ANSI: 5
[    1.841047] scsi target2:0:1: Beginning Domain Validation
[    1.842132] scsi target2:0:1: Domain Validation skipping write tests
[    1.842842] scsi target2:0:1: Ending Domain Validation
[    1.843455] scsi target2:0:1: asynchronous
[    1.846681] random: systemd-udevd: uninitialized urandom read (16 bytes read)
[    1.847527] random: systemd-udevd: uninitialized urandom read (16 bytes read)
[    1.848350] random: systemd-udevd: uninitialized urandom read (16 bytes read)
[    1.849383] sd 2:0:0:0: [sda] 20971520 512-byte logical blocks: (10.7 GB/10.0 GiB)
[    1.850263] sd 2:0:0:0: [sda] Write Protect is off
[    1.850873] sd 2:0:0:0: [sda] Incomplete mode parameter data
[    1.851510] sd 2:0:0:0: [sda] Assuming drive cache: write through
[    1.852444] sd 2:0:0:0: Attached scsi generic sg0 type 0
[    1.853654] sd 2:0:1:0: [sdb] 20480 512-byte logical blocks: (10.5 MB/10.0 MiB)
[    1.854861] sd 2:0:1:0: [sdb] Write Protect is off
[    1.855588] sd 2:0:1:0: [sdb] Incomplete mode parameter data
[    1.856293] sd 2:0:1:0: [sdb] Assuming drive cache: write through
[    1.857238] sd 2:0:1:0: Attached scsi generic sg1 type 0
[    1.863202]  sda: sda1
[    1.864088] sd 2:0:0:0: [sda] Attached SCSI disk
[    1.864942] sd 2:0:1:0: [sdb] Attached SCSI disk
[    2.198353] e1000 0000:00:08.0 eth1: (PCI:33MHz:32-bit) 08:00:27:a5:1e:ef
[    2.199077] e1000 0000:00:08.0 eth1: Intel(R) PRO/1000 Network Connection
[    2.200578] e1000 0000:00:08.0 enp0s8: renamed from eth1
[    2.202252] e1000 0000:00:03.0 enp0s3: renamed from eth0
Begin: Loading essential drivers ... [    3.564893] raid6: sse2x1   gen()  7722 MB/s
[    3.612900] raid6: sse2x1   xor()  7866 MB/s
[    3.660889] raid6: sse2x2   gen() 16520 MB/s
[    3.708898] raid6: sse2x2   xor() 10656 MB/s
[    3.756881] raid6: sse2x4   gen() 17163 MB/s
[    3.804884] raid6: sse2x4   xor()  9096 MB/s
[    3.852965] raid6: avx2x1   gen() 17001 MB/s
[    3.900877] raid6: avx2x1   xor() 13050 MB/s
[    3.948877] raid6: avx2x2   gen() 23761 MB/s
[    3.996878] raid6: avx2x2   xor() 15129 MB/s
[    4.044884] raid6: avx2x4   gen() 24483 MB/s
[    4.092395] raid6: avx2x4   xor() 12165 MB/s
[    4.093012] raid6: using algorithm avx2x4 gen() 24483 MB/s
[    4.093737] raid6: .... xor() 12165 MB/s, rmw enabled
[    4.094400] raid6: using avx2x2 recovery algorithm
[    4.096561] xor: automatically using best checksumming function   avx       
[    4.098561] async_tx: api initialized (async)
done.
Begin: Running /scripts/init-premount ... done.
Begin: Mounting root file system ... Begin: Running /scripts/local-top ... done.
Begin: Running /scripts/local-premount ... [    4.140450] Btrfs loaded, crc32c=crc32c-intel
Scanning for Btrfs filesystems
done.
Warning: fsck not present, so skipping root file system
[    4.166981] EXT4-fs (sda1): mounted filesystem with ordered data mode. Opts: (null)
done.
Begin: Running /scripts/local-bottom ... done.
Begin: Running /scripts/init-bottom ... done.
[    4.302704] ip_tables: (C) 2000-2006 Netfilter Core Team
[    4.310565] systemd[1]: systemd 237 running in system mode. (+PAM +AUDIT +SELINUX +IMA +APPARMOR +SMACK +SYSVINIT +UTMP +LIBCRYPTSETUP +GCRYPT +GNUTLS +ACL +XZ +LZ4 +SECCOMP +BLKID +ELFUTILS +KMOD -IDN2 +IDN -PCRE2 default-hierarchy=hybrid)
[    4.313457] systemd[1]: Detected virtualization oracle.
[    4.314185] systemd[1]: Detected architecture x86-64.

Welcome to [1mUbuntu 18.04.5 LTS[0m!

[    4.318098] systemd[1]: Set hostname to <ubuntu>.
[    4.321639] systemd[1]: Initializing machine ID from random generator.
[    4.322630] systemd[1]: Installed transient /etc/machine-id file.
[    4.508731] systemd[1]: Started Forward Password Requests to Wall Directory Watch.
[[0;32m  OK  [0m] Started Forward Password Requests to Wall Directory Watch.
[    4.510694] systemd[1]: Created slice System Slice.
[[0;32m  OK  [0m] Created slice System Slice.
[    4.511881] systemd[1]: Listening on LVM2 poll daemon socket.
[[0;32m  OK  [0m] Listening on LVM2 poll daemon socket.
[    4.513416] systemd[1]: Created slice system-serial\x2dgetty.slice.
[[0;32m  OK  [0m] Created slice system-serial\x2dgetty.slice.
[[0;32m  OK  [0m] Listening on Journal Audit Socket.
[[0;32m  OK  [0m] Listening on LVM2 metadata daemon socket.
[[0;32m  OK  [0m] Listening on Syslog Socket.
[[0;32m  OK  [0m] Listening on udev Kernel Socket.
[[0;32m  OK  [0m] Listening on Network Service Netlink Socket.
[[0;32m  OK  [0m] Listening on /dev/initctl Compatibility Named Pipe.
[[0;32m  OK  [0m] Created slice User and Session Slice.
[[0;32m  OK  [0m] Reached target Swap.
[[0;32m  OK  [0m] Reached target System Time Synchronized.
[[0;32m  OK  [0m] Listening on udev Control Socket.
[[0;32m  OK  [0m] Listening on Journal Socket.
         Starting udev Coldplug all Devices...
         Mounting POSIX Message Queue File System...
         Starting Create list of required st…ce nodes for the current kernel...
         Starting Load Kernel Modules...
         Starting Set the console keyboard layout...
[[0;32m  OK  [0m] Set up automount Arbitrary Executab…rmats File System Automount Point.
[    4.547541] Loading iSCSI transport class v2.0-870.
[    4.556909] iscsi: registered transport (tcp)
[[0;32m  OK  [0m] Reached target Slices.
[[0;32m  OK  [0m] Listening on Device-mapper event daemon FIFOs.
         Starting Monitoring of LVM2 mirrors…ng dmeventd or progress polling...
         Starting Uncomplicated firewall...
[[0;32m  OK  [0m] Listening on Journal Socket (/dev/log).
         Starting Journal Service...
         Mounting Huge Pages File System...
         Starting Remount Root and Kernel File Systems...
[[0;32m  OK  [0m] Reached target User and Group Name Lookups.
         Mounting Kernel Debug File System...
[[0;32m  OK  [0m] Mounted POSIX Message Queue File System.
[[0;32m  OK  [0m] Started Create list of required sta…vice nodes for the current kernel.
[[0;32m  OK  [0m] Mounted Huge Pages File System.
[[0;32m  OK  [0m] Mounted Kernel Debug File System.
         Starting Create Static Device Nodes in /dev...
[    4.611052] iscsi: registered transport (iser)
[[0;32m  OK  [0m] Started Load Kernel Modules.
         Mounting FUSE Control File System...
         Starting Apply Kernel Variables...
         Mounting Kernel Configuration File System...
[[0;32m  OK  [0m] Mounted Kernel Configuration File System.
[[0;32m  OK  [0m] Mounted FUSE Control File System.
[[0;32m  OK  [0m] Started LVM2 metadata daemon.
[[0;32m  OK  [0m] Started udev Coldplug all Devices.
[[0;32m  OK  [0m] Started Uncomplicated firewall.
[[0;32m  OK  [0m] Started Create Static Device Nodes in /dev.
[[0;32m  OK  [0m] Started Journal Service.
[[0;32m  OK  [0m] Started Apply Kernel Variables.
[[0;32m  OK  [0m] Started Remount Root and Kernel File Systems.
         Starting Load/Save Random Seed...
         Starting Flush Journal to Persistent Storage...
         Starting udev Kernel Device Manager...
[[0;32m  OK  [0m] Started Load/Save Random Seed.
[[0;32m  OK  [0m] Started Monitoring of LVM2 mirrors,…sing dmeventd or progress polling.
[[0;32m  OK  [0m] Started udev Kernel Device Manager.
[[0;32m  OK  [0m] Started Flush Journal to Persistent Storage.
[[0;32m  OK  [0m] Started Set the console keyboard layout.
[[0;32m  OK  [0m] Reached target Local File Systems (Pre).
[[0;32m  OK  [0m] Reached target Local File Systems.
         Starting ebtables ruleset management...
         Starting Create Volatile Files and Directories...
         Starting Tell Plymouth To Write Out Runtime Data...
         Starting Set console font and keymap...
         Starting Commit a transient machine-id on disk...
         Starting AppArmor initialization...
[[0;32m  OK  [0m] Started Dispatch Password Requests to Console Directory Watch.
[[0;32m  OK  [0m] Reached target Local Encrypted Volumes.
[[0;32m  OK  [0m] Started Tell Plymouth To Write Out Runtime Data.
[[0;32m  OK  [0m] Started Create Volatile Files and Directories.
         Starting Update UTMP about System Boot/Shutdown...
[[0;32m  OK  [0m] Started Set console font and keymap.
[[0;32m  OK  [0m] Started Commit a transient machine-id on disk.
[[0;32m  OK  [0m] Started Update UTMP about System Boot/Shutdown.
[[0;32m  OK  [0m] Started ebtables ruleset management.
[[0;32m  OK  [0m] Found device /dev/ttyS0.
[[0;32m  OK  [0m] Listening on Load/Save RF Kill Switch Status /dev/rfkill Watch.
[[0;32m  OK  [0m] Started AppArmor initialization.
         Starting Load AppArmor profiles managed internally by snapd...
         Starting Initial cloud-init job (pre-networking)...
[[0;32m  OK  [0m] Started Load AppArmor profiles managed internally by snapd.
[    7.465666] cloud-init[550]: Cloud-init v. 20.2-45-g5f7825e2-0ubuntu1~18.04.1 running 'init-local' at Tue, 11 Aug 2020 06:02:02 +0000. Up 7.16 seconds.
[[0;32m  OK  [0m] Started Initial cloud-init job (pre-networking).
[[0;32m  OK  [0m] Reached target Network (Pre).
         Starting Network Service...
[[0;32m  OK  [0m] Started Network Service.
         Starting Network Name Resolution...
         Starting Wait for Network to be Configured...
[[0;32m  OK  [0m] Started Network Name Resolution.
[[0;32m  OK  [0m] Reached target Network.
[[0;32m  OK  [0m] Reached target Host and Network Name Lookups.
[[0;32m  OK  [0m] Started Wait for Network to be Configured.
         Starting Initial cloud-init job (metadata service crawler)...
[    9.671485] cloud-init[665]: Cloud-init v. 20.2-45-g5f7825e2-0ubuntu1~18.04.1 running 'init' at Tue, 11 Aug 2020 06:02:05 +0000. Up 9.54 seconds.
[    9.673735] cloud-init[665]: ci-info: ++++++++++++++++++++++++++++++++++++++Net device info+++++++++++++++++++++++++++++++++++++++
[    9.674904] cloud-init[665]: ci-info: +--------+-------+----------------------------+---------------+--------+-------------------+
[    9.677904] cloud-init[665]: ci-info: | Device |   Up  |          Address           |      Mask     | Scope  |     Hw-Address    |
[    9.680061] cloud-init[665]: ci-info: +--------+-------+----------------------------+---------------+--------+-------------------+
[    9.681845] cloud-init[665]: ci-info: | enp0s3 |  True |         10.0.2.15          | 255.255.255.0 | global | 02:b5:22:41:d5:db |
[    9.683949] cloud-init[665]: ci-info: | enp0s3 |  True | fe80::b5:22ff:fe41:d5db/64 |       .       |  link  | 02:b5:22:41:d5:db |
[    9.687806] cloud-init[665]: ci-info: | enp0s8 | False |             .              |       .       |   .    | 08:00:27:a5:1e:ef |
[    9.689630] cloud-init[665]: ci-info: |   lo   |  True |         127.0.0.1          |   255.0.0.0   |  host  |         .         |
[    9.692139] cloud-init[665]: ci-info: |   lo   |  True |          ::1/128           |       .       |  host  |         .         |
[    9.697807] cloud-init[665]: ci-info: +--------+-------+----------------------------+---------------+--------+-------------------+
[    9.701810] cloud-init[665]: ci-info: ++++++++++++++++++++++++++++Route IPv4 info+++++++++++++++++++++++++++++
[    9.703252] cloud-init[665]: ci-info: +-------+-------------+----------+-----------------+-----------+-------+
[    9.706943] cloud-init[665]: ci-info: | Route | Destination | Gateway  |     Genmask     | Interface | Flags |
[    9.710159] cloud-init[665]: ci-info: +-------+-------------+----------+-----------------+-----------+-------+
[    9.716751] cloud-init[665]: ci-info: |   0   |   0.0.0.0   | 10.0.2.2 |     0.0.0.0     |   enp0s3  |   UG  |
[    9.718179] cloud-init[665]: ci-info: |   1   |   10.0.2.0  | 0.0.0.0  |  255.255.255.0  |   enp0s3  |   U   |
[    9.720502] cloud-init[665]: ci-info: |   2   |   10.0.2.2  | 0.0.0.0  | 255.255.255.255 |   enp0s3  |   UH  |
[    9.722975] cloud-init[665]: ci-info: +-------+-------------+----------+-----------------+-----------+-------+
[    9.723970] cloud-init[665]: ci-info: +++++++++++++++++++Route IPv6 info+++++++++++++++++++
[    9.726342] cloud-init[665]: ci-info: +-------+-------------+---------+-----------+-------+
[    9.728320] cloud-init[665]: ci-info: | Route | Destination | Gateway | Interface | Flags |
[    9.730794] cloud-init[665]: ci-info: +-------+-------------+---------+-----------+-------+
[    9.732243] cloud-init[665]: ci-info: |   1   |  fe80::/64  |    ::   |   enp0s3  |   U   |
[    9.735137] cloud-init[665]: ci-info: |   3   |    local    |    ::   |   enp0s3  |   U   |
[    9.737141] cloud-init[665]: ci-info: |   4   |   ff00::/8  |    ::   |   enp0s3  |   U   |
[    9.738001] cloud-init[665]: ci-info: +-------+-------------+---------+-----------+-------+
[   10.292992] cloud-init[665]: Generating public/private rsa key pair.
[   10.293783] cloud-init[665]: Your identification has been saved in /etc/ssh/ssh_host_rsa_key.
[   10.294722] cloud-init[665]: Your public key has been saved in /etc/ssh/ssh_host_rsa_key.pub.
[   10.295693] cloud-init[665]: The key fingerprint is:
[   10.302729] cloud-init[665]: SHA256:HKKh8Ohz/tROrdvG9no1Utl022ourxwW7T/otevsRmE root@ubuntu-bionic
[   10.303706] cloud-init[665]: The key's randomart image is:
[   10.304417] cloud-init[665]: +---[RSA 2048]----+
[   10.304982] cloud-init[665]: |                 |
[   10.305563] cloud-init[665]: |               ..|
[   10.306136] cloud-init[665]: |.   . . .     + +|
[   10.306680] cloud-init[665]: | + . o o .   + E.|
[   10.307242] cloud-init[665]: |. o .   S   o o..|
[   10.307816] cloud-init[665]: |.     . .  . =o. |
[   10.308420] cloud-init[665]: | o . . o..  =o=. |
[   10.312182] cloud-init[665]: |  + . o o+ +.o++.|
[   10.312744] cloud-init[665]: |   ... ++o+.+==*+|
[   10.313337] cloud-init[665]: +----[SHA256]-----+
[   10.314116] cloud-init[665]: Generating public/private dsa key pair.
[   10.317100] cloud-init[665]: Your identification has been saved in /etc/ssh/ssh_host_dsa_key.
[   10.317959] cloud-init[665]: Your public key has been saved in /etc/ssh/ssh_host_dsa_key.pub.
[   10.320508] cloud-init[665]: The key fingerprint is:
[   10.321080] cloud-init[665]: SHA256:ce+FSThfIZDMnkrJqUuBNlrKa1W1wiqA2FWrqAoJFAA root@ubuntu-bionic
[   10.321997] cloud-init[665]: The key's randomart image is:
[   10.324884] cloud-init[665]: +---[DSA 1024]----+
[   10.325476] cloud-init[665]: |E.   ..  o.o. .  |
[   10.326045] cloud-init[665]: |  . .  .. +. . . |
[   10.328815] cloud-init[665]: |oo . o.o.=+.. .  |
[   10.329351] cloud-init[665]: |= ..=.= *oo= +   |
[   10.329883] cloud-init[665]: |.o.=.+ =S.  = .  |
[   10.330406] cloud-init[665]: |.o= o o .  . .   |
[   10.332700] cloud-init[665]: |+  + . .    .    |
[   10.333285] cloud-init[665]: |o o   .          |
[   10.333871] cloud-init[665]: |..               |
[   10.336618] cloud-init[665]: +----[SHA256]-----+
[   10.337179] cloud-init[665]: Generating public/private ecdsa key pair.
[   10.337861] cloud-init[665]: Your identification has been saved in /etc/ssh/ssh_host_ecdsa_key.
[   10.340538] cloud-init[665]: Your public key has been saved in /etc/ssh/ssh_host_ecdsa_key.pub.
[   10.341410] cloud-init[665]: The key fingerprint is:
[   10.344534] cloud-init[665]: SHA256:i5iTDjErZZ5E7gb8oXOQNolJ+L+MKGU8QRo8u+lVMg0 root@ubuntu-bionic
[   10.345445] cloud-init[665]: The key's randomart image is:
[   10.346025] cloud-init[665]: +---[ECDSA 256]---+
[   10.346539] cloud-init[665]: |.                |
[   10.348431] cloud-init[665]: |oo.E             |
[   10.349005] cloud-init[665]: |.=+ o            |
[   10.352348] cloud-init[665]: |=*+o o           |
[   10.352910] cloud-init[665]: |+O@o+   S        |
[   10.353423] cloud-init[665]: |.XXB.+ . .       |
[   10.353936] cloud-init[665]: |o=O+* . .        |
[   10.354452] cloud-init[665]: |.=o= o           |
[   10.356210] cloud-init[665]: |o . +            |
[   10.361123] cloud-init[665]: +----[SHA256]-----+
[   10.361739] cloud-init[665]: Generating public/private ed25519 key pair.
[   10.362411] cloud-init[665]: Your identification has been saved in /etc/ssh/ssh_host_ed25519_key.
[   10.363225] cloud-init[665]: Your public key has been saved in /etc/ssh/ssh_host_ed25519_key.pub.
[   10.364199] cloud-init[665]: The key fingerprint is:
[   10.364917] cloud-init[665]: SHA256:MAHmG2Ox4lV1lVFXsBvDlVFyzVwdWOAJgiI7UKzbISI root@ubuntu-bionic
[   10.368996] cloud-init[665]: The key's randomart image is:
[   10.369838] cloud-init[665]: +--[ED25519 256]--+
[   10.370496] cloud-init[665]: |  o.+.o.o..oo=BB^|
[   10.372936] cloud-init[665]: | . = = o .. +o.B=|
[   10.373675] cloud-init[665]: |  + X +      o=  |
[   10.376785] cloud-init[665]: |E+ B + o       + |
[   10.377513] cloud-init[665]: |o = +   S     .  |
[   10.378212] cloud-init[665]: | . .             |
[   10.380687] cloud-init[665]: |                 |
[   10.381403] cloud-init[665]: |                 |
[   10.384669] cloud-init[665]: |                 |
[   10.385412] cloud-init[665]: +----[SHA256]-----+
[[0;32m  OK  [0m] Started Initial cloud-init job (metadata service crawler).
[[0;32m  OK  [0m] Reached target Network is Online.
[[0;32m  OK  [0m] Reached target Remote File Systems (Pre).
[[0;32m  OK  [0m] Reached target Remote File Systems.
         Starting Availability of block devices...
[[0;32m  OK  [0m] Reached target System Initialization.
         Starting Socket activation for snappy daemon.
         Starting LXD - unix socket.
[[0;32m  OK  [0m] Listening on ACPID Listen Socket.
[[0;32m  OK  [0m] Started Daily apt download activities.
[[0;32m  OK  [0m] Listening on Open-iSCSI iscsid Socket.
[[0;32m  OK  [0m] Started Daily apt upgrade and clean activities.
[[0;32m  OK  [0m] Started Discard unused blocks once a week.
[[0;32m  OK  [0m] Started Daily Cleanup of Temporary Directories.
[[0;32m  OK  [0m] Started Message of the Day.
[[0;32m  OK  [0m] Reached target Timers.
[[0;32m  OK  [0m] Started ACPI Events Check.
[[0;32m  OK  [0m] Listening on D-Bus System Message Bus Socket.
[[0;32m  OK  [0m] Listening on UUID daemon activation socket.
[[0;32m  OK  [0m] Reached target Paths.
[[0;32m  OK  [0m] Reached target Cloud-config availability.
[[0;32m  OK  [0m] Started Availability of block devices.
[[0;32m  OK  [0m] Listening on Socket activation for snappy daemon.
[[0;32m  OK  [0m] Listening on LXD - unix socket.
[[0;32m  OK  [0m] Reached target Sockets.
[[0;32m  OK  [0m] Reached target Basic System.
         Starting LSB: automatic crash report generation...
         Starting Dispatcher daemon for systemd-networkd...
         Starting LSB: Record successful boot for GRUB...
         Starting Login Service...
         Starting Virtualbox guest utils...
         Starting Permit User Sessions...
         Starting LXD - container startup/shutdown...
[[0;32m  OK  [0m] Started Deferred execution scheduler.
         Starting System Logging Service...
         Starting Pollinate to seed the pseudo random number generator...
[[0;32m  OK  [0m] Started Regular background program processing daemon.
[[0;32m  OK  [0m] Started irqbalance daemon.
[[0;32m  OK  [0m] Started FUSE filesystem for LXC.
[[0;32m  OK  [0m] Started D-Bus System Message Bus.
[[0;32m  OK  [0m] Started Login Service.
[[0;32m  OK  [0m] Started Unattended Upgrades Shutdown.
         Starting Accounts Service...
         Starting Snap Daemon...
[[0;32m  OK  [0m] Started System Logging Service.
[[0;32m  OK  [0m] Started Permit User Sessions.
[[0;32m  OK  [0m] Started LXD - container startup/shutdown.
         Starting Terminate Plymouth Boot Screen...
         Starting Hold until boot process finishes up...
[[0;32m  OK  [0m] Started Hold until boot process finishes up.
         Starting Set console scheme...
[[0;32m  OK  [0m] Started Serial Getty on ttyS0.
[[0;32m  OK  [0m] Started Terminate Plymouth Boot Screen.
[[0;32m  OK  [0m] Started Set console scheme.
[[0;32m  OK  [0m] Created slice system-getty.slice.
[[0;32m  OK  [0m] Started Getty on tty1.
[[0;32m  OK  [0m] Reached target Login Prompts.
         Starting Authorization Manager...
[[0;32m  OK  [0m] Started LSB: automatic crash report generation.
[[0;32m  OK  [0m] Started Authorization Manager.
[[0;32m  OK  [0m] Started Accounts Service.
[[0;32m  OK  [0m] Started LSB: Record successful boot for GRUB.
[[0;32m  OK  [0m] Started Dispatcher daemon for systemd-networkd.
[[0;32m  OK  [0m] Started Virtualbox guest utils.
[[0;32m  OK  [0m] Started Snap Daemon.
         Starting Wait until snapd is fully seeded...
[[0;32m  OK  [0m] Started Wait until snapd is fully seeded.
         Starting Apply the settings specified in cloud-config...
[[0;32m  OK  [0m] Started Pollinate to seed the pseudo random number generator.
         Starting OpenBSD Secure Shell server...
[[0;32m  OK  [0m] Started OpenBSD Secure Shell server.
[[0;32m  OK  [0m] Reached target Multi-User System.
[[0;32m  OK  [0m] Reached target Graphical Interface.
         Starting Update UTMP about System Runlevel Changes...
[[0;32m  OK  [0m] Started Update UTMP about System Runlevel Changes.
[[0;32m  OK  [0m] Created slice User Slice of vagrant.
         Starting User Manager for UID 1000...
[[0;32m  OK  [0m] Started Session 1 of user vagrant.
[[0;32m  OK  [0m] Started User Manager for UID 1000.
[   13.334916] cloud-init[995]: Cloud-init v. 20.2-45-g5f7825e2-0ubuntu1~18.04.1 running 'modules:config' at Tue, 11 Aug 2020 06:02:08 +0000. Up 12.60 seconds.
[[0;32m  OK  [0m] Started Apply the settings specified in cloud-config.
         Starting Execute cloud user/final scripts...
ci-info: no authorized SSH keys fingerprints found for user ubuntu.
<14>Aug 11 06:02:10 ec2: 
<14>Aug 11 06:02:10 ec2: #############################################################
<14>Aug 11 06:02:10 ec2: -----BEGIN SSH HOST KEY FINGERPRINTS-----
<14>Aug 11 06:02:10 ec2: 1024 SHA256:ce+FSThfIZDMnkrJqUuBNlrKa1W1wiqA2FWrqAoJFAA root@ubuntu-bionic (DSA)
<14>Aug 11 06:02:10 ec2: 256 SHA256:i5iTDjErZZ5E7gb8oXOQNolJ+L+MKGU8QRo8u+lVMg0 root@ubuntu-bionic (ECDSA)
<14>Aug 11 06:02:10 ec2: 256 SHA256:MAHmG2Ox4lV1lVFXsBvDlVFyzVwdWOAJgiI7UKzbISI root@ubuntu-bionic (ED25519)
<14>Aug 11 06:02:10 ec2: 2048 SHA256:HKKh8Ohz/tROrdvG9no1Utl022ourxwW7T/otevsRmE root@ubuntu-bionic (RSA)
<14>Aug 11 06:02:10 ec2: -----END SSH HOST KEY FINGERPRINTS-----
<14>Aug 11 06:02:10 ec2: #############################################################
-----BEGIN SSH HOST KEY KEYS-----
ecdsa-sha2-nistp256 AAAAE2VjZHNhLXNoYTItbmlzdHAyNTYAAAAIbmlzdHAyNTYAAABBBO7WxRUW4BA8TGvRjHIRKT+O9+Tv2KCfANZNrPsFmco/FX1NU5WGYoEVTQEAk5hf4EhS6QBKpBE2banyoPW5yV0= root@ubuntu-bionic
ssh-ed25519 AAAAC3NzaC1lZDI1NTE5AAAAIFwQ7amAePmdLdN/x/FjETftLk/DxeR8vYsvu65HPlaq root@ubuntu-bionic
ssh-rsa AAAAB3NzaC1yc2EAAAADAQABAAABAQC4z52sSqj5OIYGpfNuBzsMM0mMIZH/u541utsT1tcdvXmNYvnPOEA2prBVBVWETIjyIQBau3Fgz4Qwf5T0brLr5ZqUsbtGr6cTkdeKytP0Z820YLLuK7fLKQBxyFuHn1ro0lLix1MKESYIV/hLlG/2a2kM8thKYiEy1Jm+li0YqJkNAgqAEYh0eXiKA+q9hvUqLlEvH/DDj04/N3FX9kcDWvnfZY3vQi76D8C/VafPWKI7l9j5mdlEI4JixB/NGseViKjGhbyJT66qjSjdKucOR8G+lLkxkLOV9Im3QHYNzSPB1OFx2ynpR50RzufV6vWTrcf+QXglZhVF3ZjokwXt root@ubuntu-bionic
-----END SSH HOST KEY KEYS-----
[   14.455458] cloud-init[1091]: Cloud-init v. 20.2-45-g5f7825e2-0ubuntu1~18.04.1 running 'modules:final' at Tue, 11 Aug 2020 06:02:09 +0000. Up 14.16 seconds.
[   14.466485] cloud-init[1091]: ci-info: no authorized SSH keys fingerprints found for user ubuntu.
[   14.467580] cloud-init[1091]: Cloud-init v. 20.2-45-g5f7825e2-0ubuntu1~18.04.1 finished at Tue, 11 Aug 2020 06:02:10 +0000. Datasource DataSourceNoCloud [seed=/dev/sdb][dsmode=net].  Up 14.44 seconds
[[0;32m  OK  [0m] Started Execute cloud user/final scripts.
[[0;32m  OK  [0m] Reached target Cloud-init target.

Ubuntu 18.04.5 LTS ubuntu-bionic ttyS0

ubuntu-bionic login: 